0 info it worked if it ends with ok
1 verbose cli [ 'D:\\Program Files\\nodejs\\node.exe',
1 verbose cli   'D:\\Program Files\\nodejs\\node_modules\\npm\\bin\\npm-cli.js',
1 verbose cli   'run',
1 verbose cli   'build' ]
2 info using npm@3.10.10
3 info using node@v6.10.2
4 verbose run-script [ 'prebuild', 'build', 'postbuild' ]
5 info lifecycle 10.6task@1.0.0~prebuild: 10.6task@1.0.0
6 silly lifecycle 10.6task@1.0.0~prebuild: no script for prebuild, continuing
7 info lifecycle 10.6task@1.0.0~build: 10.6task@1.0.0
8 verbose lifecycle 10.6task@1.0.0~build: unsafe-perm in lifecycle true
9 verbose lifecycle 10.6task@1.0.0~build: PATH: D:\Program Files\nodejs\node_modules\npm\bin\node-gyp-bin;F:\10.6task\node_modules\.bin;C:\Program Files (x86)\Lenovo\FusionEngine;C:\windows\system32;C:\windows;C:\windows\System32\Wbem;C:\windows\System32\WindowsPowerShell\v1.0\;C:\Program Files (x86)\ATI Technologies\ATI.ACE\Core-Static;C:\Program Files (x86)\Common Files\lenovo\easyplussdk\bin;C:\Program Files (x86)\Lenovo\Lenovo Home\;C:\Program Files\MySQL\MySQL Server 5.5\bin;%JA VA_HOME%\bin;C:\glassfish4\jdk7\bin;C:\Users\10358_000\DevTools\apache-tomcat-7.0.75\bin;C:\Program Files (x86)\Git\cmd;D:\Program Files\nodejs\;C:\Users\10358_000\AppData\Roaming\npm
10 verbose lifecycle 10.6task@1.0.0~build: CWD: F:\10.6task
11 silly lifecycle 10.6task@1.0.0~build: Args: [ '/d /s /c',
11 silly lifecycle   'set NODE_ENV=production && webpack --config webpack.prod.config.js --progress --colors' ]
12 silly lifecycle 10.6task@1.0.0~build: Returned: code: 2  signal: null
13 info lifecycle 10.6task@1.0.0~build: Failed to exec build script
14 verbose stack Error: 10.6task@1.0.0 build: `set NODE_ENV=production && webpack --config webpack.prod.config.js --progress --colors`
14 verbose stack Exit status 2
14 verbose stack     at EventEmitter.<anonymous> (D:\Program Files\nodejs\node_modules\npm\lib\utils\lifecycle.js:255:16)
14 verbose stack     at emitTwo (events.js:106:13)
14 verbose stack     at EventEmitter.emit (events.js:191:7)
14 verbose stack     at ChildProcess.<anonymous> (D:\Program Files\nodejs\node_modules\npm\lib\utils\spawn.js:40:14)
14 verbose stack     at emitTwo (events.js:106:13)
14 verbose stack     at ChildProcess.emit (events.js:191:7)
14 verbose stack     at maybeClose (internal/child_process.js:886:16)
14 verbose stack     at Process.ChildProcess._handle.onexit (internal/child_process.js:226:5)
15 verbose pkgid 10.6task@1.0.0
16 verbose cwd F:\10.6task
17 error Windows_NT 6.3.9600
18 error argv "D:\\Program Files\\nodejs\\node.exe" "D:\\Program Files\\nodejs\\node_modules\\npm\\bin\\npm-cli.js" "run" "build"
19 error node v6.10.2
20 error npm  v3.10.10
21 error code ELIFECYCLE
22 error 10.6task@1.0.0 build: `set NODE_ENV=production && webpack --config webpack.prod.config.js --progress --colors`
22 error Exit status 2
23 error Failed at the 10.6task@1.0.0 build script 'set NODE_ENV=production && webpack --config webpack.prod.config.js --progress --colors'.
23 error Make sure you have the latest version of node.js and npm installed.
23 error If you do, this is most likely a problem with the 10.6task package,
23 error not with npm itself.
23 error Tell the author that this fails on your system:
23 error     set NODE_ENV=production && webpack --config webpack.prod.config.js --progress --colors
23 error You can get information on how to open an issue for this project with:
23 error     npm bugs 10.6task
23 error Or if that isn't available, you can get their info via:
23 error     npm owner ls 10.6task
23 error There is likely additional logging output above.
24 verbose exit [ 1, true ]
